<?xml version="1.0" encoding="UTF-8"?>
<!-- Generated by org.testng.reporters.JUnitXMLReporter -->
<testsuite ignored="0" hostname="DESKTOP-BDAKTRG" failures="1" tests="1" name="Test" time="0.13" errors="0" timestamp="2021-11-24T15:27:02 IST">
  <testcase classname="TestNg.org.parameter2" name="login_page" time="0.0">
    <failure type="org.testng.TestNGException" message="
Parameter &amp;apos;name&amp;apos; is required by @Test on method login_page but has not been marked @Optional or defined
in C:\Users\NATURE\eclipse-workspace\Maven_Test\parameterzied.xml">
      <![CDATA[org.testng.TestNGException: 
Parameter 'name' is required by @Test on method login_page but has not been marked @Optional or defined
in C:\Users\NATURE\eclipse-workspace\Maven_Test\parameterzied.xml
at java.base/java.util.ArrayList.forEach(ArrayList.java:1511)
... Removed 26 stack frames]]>
    </failure>
  </testcase> <!-- login_page -->
</testsuite> <!-- Test -->
